<?xml version="1.0" encoding="UTF-8"?>
<!-- Generated by org.testng.reporters.JUnitReportReporter -->
<testsuite hostname="LAPTOP-NVD7B84R" failures="0" tests="6" name="com.ai.test.login_page_test" time="58.733" errors="0" timestamp="2023-05-23T13:29:32 IST" skipped="0">
  <testcase classname="com.ai.test.login_page_test" name="login_validation" time="3.152"/>
  <system-out/>
  <testcase classname="com.ai.test.login_page_test" name="Invalid_login" time="6.413"/>
  <system-out/>
  <testcase classname="com.ai.test.login_page_test" name="emali_error_check" time="8.356"/>
  <system-out/>
  <testcase classname="com.ai.test.login_page_test" name="password_error_check" time="13.646"/>
  <system-out/>
  <testcase classname="com.ai.test.login_page_test" name="wrong_email" time="13.615"/>
  <system-out/>
  <testcase classname="com.ai.test.login_page_test" name="valid_credientials" time="13.551"/>
  <system-out/>
</testsuite> <!-- com.ai.test.login_page_test -->
