<?xml version="1.0" encoding="UTF-8"?>
<!-- Generated by org.testng.reporters.JUnitReportReporter -->
<testsuite hostname="LAPTOP-NVD7B84R" failures="0" tests="1" name="com.ai.test.login_page_test$Login_page_test" time="12.680" errors="0" timestamp="2023-05-23T12:44:55 IST" skipped="0">
  <testcase classname="com.ai.test.login_page_test$Login_page_test" name="login_validation" time="12.680"/>
  <system-out/>
</testsuite> <!-- com.ai.test.login_page_test$Login_page_test -->
