<?xml version="1.0" encoding="UTF-8"?>
<!-- Generated by org.testng.reporters.JUnitReportReporter -->
<testsuite hostname="LAPTOP-NVD7B84R" failures="0" tests="2" name="com.ai.test.Generate_QR_Test" time="56.417" errors="0" timestamp="2023-05-25T21:55:37 IST" skipped="0">
  <testcase classname="com.ai.test.Generate_QR_Test" name="login_validation" time="9.456"/>
  <system-out/>
  <testcase classname="com.ai.test.Generate_QR_Test" name="QR" time="46.961"/>
  <system-out/>
</testsuite> <!-- com.ai.test.Generate_QR_Test -->
